<?xml version="1.0" encoding="UTF-8"?>
<!-- Generated by org.testng.reporters.JUnitReportReporter -->
<testsuite hostname="jls-MacBook-Air.local" failures="0" tests="2" name="Test.TestNG_Demo2" time="9.809" errors="0" timestamp="2022-10-22T15:36:16 EDT" skipped="0">
  <testcase classname="Test.TestNG_Demo2" name="googleSearch3" time="3.193"/>
  <system-out/>
  <testcase classname="Test.TestNG_Demo2" name="googleSearch2" time="6.616"/>
  <system-out/>
</testsuite> <!-- Test.TestNG_Demo2 -->
