<?xml version="1.0" encoding="UTF-8"?>
<!-- Generated by org.testng.reporters.JUnitReportReporter -->
<testsuite hostname="jls-MacBook-Air.local" failures="0" tests="1" name="Test.TestNG_Demo" time="6.477" errors="0" timestamp="2022-10-22T15:36:16 EDT" skipped="0">
  <testcase classname="Test.TestNG_Demo" name="googleSearch" time="6.477"/>
  <system-out/>
</testsuite> <!-- Test.TestNG_Demo -->
